<?xml version="1.0" encoding="UTF-8"?>
<!-- Generated by org.testng.reporters.JUnitXMLReporter -->
<testsuite ignored="6" hostname="HamzehAbuAmer" failures="0" tests="3" name="Default test" time="13.533" errors="0" timestamp="2024-06-24T04:32:03 EET">
  <testcase classname="almosaferProject.myTestCases" name="ChangeTheLanguageOfTheWebSiteRandomly" time="1.384"/>
  <testcase classname="almosaferProject.myTestCases" name="searchForHotelsRandomly" time="0.369"/>
  <testcase classname="almosaferProject.myTestCases" name="SelectNumberOfPeople" time="6.701"/>
  <testcase classname="almosaferProject.myTestCases" name="CheckTheCurrency" time="0.0">
    <ignored/>
  </testcase> <!-- CheckTheCurrency -->
  <testcase classname="almosaferProject.myTestCases" name="CheckQetafLogeIsDesplyed" time="0.0">
    <ignored/>
  </testcase> <!-- CheckQetafLogeIsDesplyed -->
  <testcase classname="almosaferProject.myTestCases" name="CheckThelanguage" time="0.0">
    <ignored/>
  </testcase> <!-- CheckThelanguage -->
  <testcase classname="almosaferProject.myTestCases" name="checkHotelsTabIsNotSelected" time="0.0">
    <ignored/>
  </testcase> <!-- checkHotelsTabIsNotSelected -->
  <testcase classname="almosaferProject.myTestCases" name="CheckTheContactNubmer" time="0.0">
    <ignored/>
  </testcase> <!-- CheckTheContactNubmer -->
  <testcase classname="almosaferProject.myTestCases" name="CheckDepatureAndReturnDate" time="0.0">
    <ignored/>
  </testcase> <!-- CheckDepatureAndReturnDate -->
</testsuite> <!-- Default test -->
