<?xml version="1.0" encoding="UTF-8"?>
<!-- Generated by org.testng.reporters.JUnitXMLReporter -->
<testsuite ignored="0" hostname="HamzehAbuAmer" failures="0" tests="11" name="Default test" time="27.578" errors="0" timestamp="2024-07-02T04:44:28 EET">
  <testcase classname="almosaferProject.myTestCases" name="CheckThelanguage" time="3.65"/>
  <testcase classname="almosaferProject.myTestCases" name="CheckTheCurrency" time="0.066"/>
  <testcase classname="almosaferProject.myTestCases" name="CheckTheContactNubmer" time="0.039"/>
  <testcase classname="almosaferProject.myTestCases" name="CheckQetafLogeIsDesplyed" time="0.071"/>
  <testcase classname="almosaferProject.myTestCases" name="checkHotelsTabIsNotSelected" time="0.065"/>
  <testcase classname="almosaferProject.myTestCases" name="CheckDepatureAndReturnDate" time="0.087"/>
  <testcase classname="almosaferProject.myTestCases" name="ChangeTheLanguageOfTheWebSiteRandomly" time="2.146"/>
  <testcase classname="almosaferProject.myTestCases" name="searchForHotelsRandomly" time="1.255"/>
  <testcase classname="almosaferProject.myTestCases" name="SelectNumberOfPeople" time="7.1"/>
  <testcase classname="almosaferProject.myTestCases" name="checkPageFullyLoaded" time="9.382"/>
  <testcase classname="almosaferProject.myTestCases" name="sortItems" time="0.869"/>
</testsuite> <!-- Default test -->
