<?xml version="1.0" encoding="UTF-8"?>
<testng-results ignored="6" total="9" passed="3" failed="0" skipped="0">
  <reporter-output>
  </reporter-output>
  <suite started-at="2024-06-24T04:31:50 EET" name="Default suite" finished-at="2024-06-24T04:32:03 EET" duration-ms="13533">
    <groups>
    </groups>
    <test started-at="2024-06-24T04:31:50 EET" name="Default test" finished-at="2024-06-24T04:32:03 EET" duration-ms="13533">
      <class name="almosaferProject.myTestCases">
        <test-method is-config="true" signature="mySetup()[pri:0, instance:almosaferProject.myTestCases@61526469]" started-at="2024-06-24T04:31:50 EET" name="mySetup" finished-at="2024-06-24T04:31:55 EET" duration-ms="5011" status="PASS">
          <reporter-output>
          </reporter-output>
        </test-method> <!-- mySetup -->
        <test-method signature="ChangeTheLanguageOfTheWebSiteRandomly()[pri:1, instance:almosaferProject.myTestCases@61526469]" started-at="2024-06-24T04:31:55 EET" name="ChangeTheLanguageOfTheWebSiteRandomly" finished-at="2024-06-24T04:31:56 EET" duration-ms="1384" status="PASS">
          <reporter-output>
          </reporter-output>
        </test-method> <!-- ChangeTheLanguageOfTheWebSiteRandomly -->
        <test-method signature="searchForHotelsRandomly()[pri:2, instance:almosaferProject.myTestCases@61526469]" started-at="2024-06-24T04:31:56 EET" name="searchForHotelsRandomly" finished-at="2024-06-24T04:31:57 EET" duration-ms="369" status="PASS">
          <reporter-output>
          </reporter-output>
        </test-method> <!-- searchForHotelsRandomly -->
        <test-method signature="SelectNumberOfPeople()[pri:3, instance:almosaferProject.myTestCases@61526469]" started-at="2024-06-24T04:31:57 EET" name="SelectNumberOfPeople" finished-at="2024-06-24T04:32:03 EET" duration-ms="6701" status="PASS">
          <reporter-output>
          </reporter-output>
        </test-method> <!-- SelectNumberOfPeople -->
      </class> <!-- almosaferProject.myTestCases -->
    </test> <!-- Default test -->
  </suite> <!-- Default suite -->
</testng-results>
